<?xml version="1.0" encoding="UTF-8"?>
<!-- Generated by org.testng.reporters.JUnitReportReporter -->
<testsuite hostname="Mrkd-family" failures="0" tests="1" name="firsttestng.NewTestcase" time="28.046" errors="0" timestamp="2023-07-01T20:42:43 IST" skipped="0">
  <testcase classname="firsttestng.NewTestcase" name="f" time="28.046"/>
  <system-out/>
</testsuite> <!-- firsttestng.NewTestcase -->
