<?xml version="1.0" encoding="UTF-8"?>
<!-- Generated by org.testng.reporters.JUnitReportReporter -->
<testsuite hostname="Mrkd-family" failures="0" tests="2" name="firsttestng.NewTestjuly23" time="84.163" errors="0" timestamp="2023-07-02T13:20:00 IST" skipped="0">
  <testcase classname="firsttestng.NewTestjuly23" name="cbt" time="49.978"/>
  <system-out/>
  <testcase classname="firsttestng.NewTestjuly23" name="cbt" time="34.185"/>
  <system-out/>
</testsuite> <!-- firsttestng.NewTestjuly23 -->
